2022-01-29 11:12:32.717 ERROR o.s.b.diagnostics.LoggingFailureAnalysisReporter  :40   [32m                  [0;39m 

***************************
APPLICATION FAILED TO START
***************************

Description:

A component required a bean of type 'com.wiki.demo.mapper.DemoMapper' that could not be found.


Action:

Consider defining a bean of type 'com.wiki.demo.mapper.DemoMapper' in your configuration.

2022-01-29 11:13:29.411 ERROR o.s.b.diagnostics.LoggingFailureAnalysisReporter  :40   [32m                  [0;39m 

***************************
APPLICATION FAILED TO START
***************************

Description:

A component required a bean of type 'com.wiki.demo.mapper.DemoMapper' that could not be found.


Action:

Consider defining a bean of type 'com.wiki.demo.mapper.DemoMapper' in your configuration.

2022-01-29 11:13:32.353 ERROR o.s.b.diagnostics.LoggingFailureAnalysisReporter  :40   [32m                  [0;39m 

***************************
APPLICATION FAILED TO START
***************************

Description:

A component required a bean of type 'com.wiki.demo.mapper.DemoMapper' that could not be found.


Action:

Consider defining a bean of type 'com.wiki.demo.mapper.DemoMapper' in your configuration.

2022-01-29 11:13:41.873 ERROR o.s.b.diagnostics.LoggingFailureAnalysisReporter  :40   [32m                  [0;39m 

***************************
APPLICATION FAILED TO START
***************************

Description:

A component required a bean of type 'com.wiki.demo.mapper.DemoMapper' that could not be found.


Action:

Consider defining a bean of type 'com.wiki.demo.mapper.DemoMapper' in your configuration.

2022-01-29 11:13:55.354 ERROR o.s.b.diagnostics.LoggingFailureAnalysisReporter  :40   [32m                  [0;39m 

***************************
APPLICATION FAILED TO START
***************************

Description:

A component required a bean of type 'com.wiki.demo.mapper.DemoMapper' that could not be found.


Action:

Consider defining a bean of type 'com.wiki.demo.mapper.DemoMapper' in your configuration.

2022-01-29 11:14:00.277 ERROR o.s.b.diagnostics.LoggingFailureAnalysisReporter  :40   [32m                  [0;39m 

***************************
APPLICATION FAILED TO START
***************************

Description:

A component required a bean of type 'com.wiki.demo.mapper.DemoMapper' that could not be found.


Action:

Consider defining a bean of type 'com.wiki.demo.mapper.DemoMapper' in your configuration.

2022-01-29 11:14:25.183 ERROR o.s.b.diagnostics.LoggingFailureAnalysisReporter  :40   [32m                  [0;39m 

***************************
APPLICATION FAILED TO START
***************************

Description:

A component required a bean of type 'com.wiki.demo.mapper.DemoMapper' that could not be found.


Action:

Consider defining a bean of type 'com.wiki.demo.mapper.DemoMapper' in your configuration.

2022-01-29 11:19:54.051 ERROR o.s.b.diagnostics.LoggingFailureAnalysisReporter  :40   [32m                  [0;39m 

***************************
APPLICATION FAILED TO START
***************************

Description:

A component required a bean of type 'com.wiki.demo.mapper.DemoMapper' that could not be found.


Action:

Consider defining a bean of type 'com.wiki.demo.mapper.DemoMapper' in your configuration.

2022-01-29 11:20:21.067 ERROR o.s.b.diagnostics.LoggingFailureAnalysisReporter  :40   [32m                  [0;39m 

***************************
APPLICATION FAILED TO START
***************************

Description:

A component required a bean of type 'com.wiki.demo.mapper.DemoMapper' that could not be found.


Action:

Consider defining a bean of type 'com.wiki.demo.mapper.DemoMapper' in your configuration.

2022-01-29 11:20:30.069 ERROR o.s.b.diagnostics.LoggingFailureAnalysisReporter  :40   [32m                  [0;39m 

***************************
APPLICATION FAILED TO START
***************************

Description:

A component required a bean of type 'com.wiki.demo.mapper.DemoMapper' that could not be found.


Action:

Consider defining a bean of type 'com.wiki.demo.mapper.DemoMapper' in your configuration.

2022-01-29 11:29:03.404 ERROR o.s.b.diagnostics.LoggingFailureAnalysisReporter  :40   [32m                  [0;39m 

***************************
APPLICATION FAILED TO START
***************************

Description:

A component required a bean of type 'com.wiki.demo.mapper.DemoMapper' that could not be found.


Action:

Consider defining a bean of type 'com.wiki.demo.mapper.DemoMapper' in your configuration.

2022-01-29 11:30:26.505 ERROR o.s.b.diagnostics.LoggingFailureAnalysisReporter  :40   [32m                  [0;39m 

***************************
APPLICATION FAILED TO START
***************************

Description:

A component required a bean of type 'com.wiki.demo.mapper.DemoMapper' that could not be found.


Action:

Consider defining a bean of type 'com.wiki.demo.mapper.DemoMapper' in your configuration.

2022-01-29 11:32:31.672 ERROR o.s.b.diagnostics.LoggingFailureAnalysisReporter  :40   [32m                  [0;39m 

***************************
APPLICATION FAILED TO START
***************************

Description:

A component required a bean of type 'com.wiki.demo.mapper.DemoMapper' that could not be found.


Action:

Consider defining a bean of type 'com.wiki.demo.mapper.DemoMapper' in your configuration.

2022-01-29 11:33:24.127 ERROR o.s.b.diagnostics.LoggingFailureAnalysisReporter  :40   [32m                  [0;39m 

***************************
APPLICATION FAILED TO START
***************************

Description:

A component required a bean of type 'com.wiki.demo.mapper.DemoMapper' that could not be found.


Action:

Consider defining a bean of type 'com.wiki.demo.mapper.DemoMapper' in your configuration.

2022-01-29 11:33:36.772 ERROR o.s.b.diagnostics.LoggingFailureAnalysisReporter  :40   [32m                  [0;39m 

***************************
APPLICATION FAILED TO START
***************************

Description:

A component required a bean of type 'com.wiki.demo.mapper.DemoMapper' that could not be found.


Action:

Consider defining a bean of type 'com.wiki.demo.mapper.DemoMapper' in your configuration.

2022-01-29 11:33:52.054 ERROR o.s.b.diagnostics.LoggingFailureAnalysisReporter  :40   [32m                  [0;39m 

***************************
APPLICATION FAILED TO START
***************************

Description:

A component required a bean of type 'com.wiki.demo.mapper.DemoMapper' that could not be found.


Action:

Consider defining a bean of type 'com.wiki.demo.mapper.DemoMapper' in your configuration.

2022-01-29 11:34:29.478 ERROR org.springframework.boot.SpringApplication        :819  [32m                  [0;39m Application run failed
java.lang.IllegalStateException: IO error on loading imports from [optional:classpath:/;optional:classpath:/config/]
	at org.springframework.boot.context.config.ConfigDataImporter.resolveAndLoad(ConfigDataImporter.java:89)
	at org.springframework.boot.context.config.ConfigDataEnvironmentContributors.withProcessedImports(ConfigDataEnvironmentContributors.java:121)
	at org.springframework.boot.context.config.ConfigDataEnvironment.processInitial(ConfigDataEnvironment.java:240)
	at org.springframework.boot.context.config.ConfigDataEnvironment.processAndApply(ConfigDataEnvironment.java:227)
	at org.springframework.boot.context.config.ConfigDataEnvironmentPostProcessor.postProcessEnvironment(ConfigDataEnvironmentPostProcessor.java:102)
	at org.springframework.boot.context.config.ConfigDataEnvironmentPostProcessor.postProcessEnvironment(ConfigDataEnvironmentPostProcessor.java:94)
	at org.springframework.boot.env.EnvironmentPostProcessorApplicationListener.onApplicationEnvironmentPreparedEvent(EnvironmentPostProcessorApplicationListener.java:102)
	at org.springframework.boot.env.EnvironmentPostProcessorApplicationListener.onApplicationEvent(EnvironmentPostProcessorApplicationListener.java:87)
	at org.springframework.context.event.SimpleApplicationEventMulticaster.doInvokeListener(SimpleApplicationEventMulticaster.java:176)
	at org.springframework.context.event.SimpleApplicationEventMulticaster.invokeListener(SimpleApplicationEventMulticaster.java:169)
	at org.springframework.context.event.SimpleApplicationEventMulticaster.multicastEvent(SimpleApplicationEventMulticaster.java:143)
	at org.springframework.context.event.SimpleApplicationEventMulticaster.multicastEvent(SimpleApplicationEventMulticaster.java:131)
	at org.springframework.boot.context.event.EventPublishingRunListener.environmentPrepared(EventPublishingRunListener.java:85)
	at org.springframework.boot.SpringApplicationRunListeners.lambda$environmentPrepared$2(SpringApplicationRunListeners.java:66)
	at java.util.ArrayList.forEach(ArrayList.java:1259)
	at org.springframework.boot.SpringApplicationRunListeners.doWithListeners(SpringApplicationRunListeners.java:120)
	at org.springframework.boot.SpringApplicationRunListeners.doWithListeners(SpringApplicationRunListeners.java:114)
	at org.springframework.boot.SpringApplicationRunListeners.environmentPrepared(SpringApplicationRunListeners.java:65)
	at org.springframework.boot.SpringApplication.prepareEnvironment(SpringApplication.java:338)
	at org.springframework.boot.SpringApplication.run(SpringApplication.java:296)
	at com.wiki.demo.config.WikiApplication.main(WikiApplication.java:17)
	at sun.reflect.NativeMethodAccessorImpl.invoke0(Native Method)
	at sun.reflect.NativeMethodAccessorImpl.invoke(NativeMethodAccessorImpl.java:62)
	at sun.reflect.DelegatingMethodAccessorImpl.invoke(DelegatingMethodAccessorImpl.java:43)
	at java.lang.reflect.Method.invoke(Method.java:498)
	at org.springframework.boot.devtools.restart.RestartLauncher.run(RestartLauncher.java:49)
Caused by: java.io.FileNotFoundException: class path resource [config/application.properties] cannot be opened because it does not exist
	at org.springframework.core.io.ClassPathResource.getInputStream(ClassPathResource.java:199)
	at org.springframework.boot.origin.OriginTrackedResource.getInputStream(OriginTrackedResource.java:61)
	at org.springframework.boot.env.OriginTrackedPropertiesLoader$CharacterReader.<init>(OriginTrackedPropertiesLoader.java:203)
	at org.springframework.boot.env.OriginTrackedPropertiesLoader.load(OriginTrackedPropertiesLoader.java:79)
	at org.springframework.boot.env.OriginTrackedPropertiesLoader.load(OriginTrackedPropertiesLoader.java:65)
	at org.springframework.boot.env.PropertiesPropertySourceLoader.loadProperties(PropertiesPropertySourceLoader.java:70)
	at org.springframework.boot.env.PropertiesPropertySourceLoader.load(PropertiesPropertySourceLoader.java:49)
	at org.springframework.boot.context.config.StandardConfigDataLoader.load(StandardConfigDataLoader.java:54)
	at org.springframework.boot.context.config.StandardConfigDataLoader.load(StandardConfigDataLoader.java:36)
	at org.springframework.boot.context.config.ConfigDataLoaders.load(ConfigDataLoaders.java:107)
	at org.springframework.boot.context.config.ConfigDataImporter.load(ConfigDataImporter.java:128)
	at org.springframework.boot.context.config.ConfigDataImporter.resolveAndLoad(ConfigDataImporter.java:86)
	... 25 common frames omitted
2022-01-29 11:34:30.155 ERROR org.springframework.boot.SpringApplication        :819  [32m                  [0;39m Application run failed
java.lang.IllegalStateException: IO error on loading imports from [optional:classpath:/;optional:classpath:/config/]
	at org.springframework.boot.context.config.ConfigDataImporter.resolveAndLoad(ConfigDataImporter.java:89)
	at org.springframework.boot.context.config.ConfigDataEnvironmentContributors.withProcessedImports(ConfigDataEnvironmentContributors.java:121)
	at org.springframework.boot.context.config.ConfigDataEnvironment.processInitial(ConfigDataEnvironment.java:240)
	at org.springframework.boot.context.config.ConfigDataEnvironment.processAndApply(ConfigDataEnvironment.java:227)
	at org.springframework.boot.context.config.ConfigDataEnvironmentPostProcessor.postProcessEnvironment(ConfigDataEnvironmentPostProcessor.java:102)
	at org.springframework.boot.context.config.ConfigDataEnvironmentPostProcessor.postProcessEnvironment(ConfigDataEnvironmentPostProcessor.java:94)
	at org.springframework.boot.env.EnvironmentPostProcessorApplicationListener.onApplicationEnvironmentPreparedEvent(EnvironmentPostProcessorApplicationListener.java:102)
	at org.springframework.boot.env.EnvironmentPostProcessorApplicationListener.onApplicationEvent(EnvironmentPostProcessorApplicationListener.java:87)
	at org.springframework.context.event.SimpleApplicationEventMulticaster.doInvokeListener(SimpleApplicationEventMulticaster.java:176)
	at org.springframework.context.event.SimpleApplicationEventMulticaster.invokeListener(SimpleApplicationEventMulticaster.java:169)
	at org.springframework.context.event.SimpleApplicationEventMulticaster.multicastEvent(SimpleApplicationEventMulticaster.java:143)
	at org.springframework.context.event.SimpleApplicationEventMulticaster.multicastEvent(SimpleApplicationEventMulticaster.java:131)
	at org.springframework.boot.context.event.EventPublishingRunListener.environmentPrepared(EventPublishingRunListener.java:85)
	at org.springframework.boot.SpringApplicationRunListeners.lambda$environmentPrepared$2(SpringApplicationRunListeners.java:66)
	at java.util.ArrayList.forEach(ArrayList.java:1259)
	at org.springframework.boot.SpringApplicationRunListeners.doWithListeners(SpringApplicationRunListeners.java:120)
	at org.springframework.boot.SpringApplicationRunListeners.doWithListeners(SpringApplicationRunListeners.java:114)
	at org.springframework.boot.SpringApplicationRunListeners.environmentPrepared(SpringApplicationRunListeners.java:65)
	at org.springframework.boot.SpringApplication.prepareEnvironment(SpringApplication.java:338)
	at org.springframework.boot.SpringApplication.run(SpringApplication.java:296)
	at com.wiki.demo.config.WikiApplication.main(WikiApplication.java:19)
	at sun.reflect.NativeMethodAccessorImpl.invoke0(Native Method)
	at sun.reflect.NativeMethodAccessorImpl.invoke(NativeMethodAccessorImpl.java:62)
	at sun.reflect.DelegatingMethodAccessorImpl.invoke(DelegatingMethodAccessorImpl.java:43)
	at java.lang.reflect.Method.invoke(Method.java:498)
	at org.springframework.boot.devtools.restart.RestartLauncher.run(RestartLauncher.java:49)
Caused by: java.io.FileNotFoundException: class path resource [config/application.properties] cannot be opened because it does not exist
	at org.springframework.core.io.ClassPathResource.getInputStream(ClassPathResource.java:199)
	at org.springframework.boot.origin.OriginTrackedResource.getInputStream(OriginTrackedResource.java:61)
	at org.springframework.boot.env.OriginTrackedPropertiesLoader$CharacterReader.<init>(OriginTrackedPropertiesLoader.java:203)
	at org.springframework.boot.env.OriginTrackedPropertiesLoader.load(OriginTrackedPropertiesLoader.java:79)
	at org.springframework.boot.env.OriginTrackedPropertiesLoader.load(OriginTrackedPropertiesLoader.java:65)
	at org.springframework.boot.env.PropertiesPropertySourceLoader.loadProperties(PropertiesPropertySourceLoader.java:70)
	at org.springframework.boot.env.PropertiesPropertySourceLoader.load(PropertiesPropertySourceLoader.java:49)
	at org.springframework.boot.context.config.StandardConfigDataLoader.load(StandardConfigDataLoader.java:54)
	at org.springframework.boot.context.config.StandardConfigDataLoader.load(StandardConfigDataLoader.java:36)
	at org.springframework.boot.context.config.ConfigDataLoaders.load(ConfigDataLoaders.java:107)
	at org.springframework.boot.context.config.ConfigDataImporter.load(ConfigDataImporter.java:128)
	at org.springframework.boot.context.config.ConfigDataImporter.resolveAndLoad(ConfigDataImporter.java:86)
	... 25 common frames omitted
2022-01-29 11:34:53.472 ERROR o.s.b.diagnostics.LoggingFailureAnalysisReporter  :40   [32m                  [0;39m 

***************************
APPLICATION FAILED TO START
***************************

Description:

A component required a bean of type 'com.wiki.demo.mapper.DemoMapper' that could not be found.


Action:

Consider defining a bean of type 'com.wiki.demo.mapper.DemoMapper' in your configuration.

