2022-01-21 00:06:04.276 ERROR o.s.b.diagnostics.LoggingFailureAnalysisReporter  :40   [32m                  [0;39m 

***************************
APPLICATION FAILED TO START
***************************

Description:

A component required a bean of type 'com.wiki.demo.mapper.TestMapper' that could not be found.


Action:

Consider defining a bean of type 'com.wiki.demo.mapper.TestMapper' in your configuration.

2022-01-21 00:06:07.936 ERROR o.s.b.diagnostics.LoggingFailureAnalysisReporter  :40   [32m                  [0;39m 

***************************
APPLICATION FAILED TO START
***************************

Description:

A component required a bean of type 'com.wiki.demo.mapper.TestMapper' that could not be found.


Action:

Consider defining a bean of type 'com.wiki.demo.mapper.TestMapper' in your configuration.

2022-01-21 00:06:09.491 ERROR o.s.b.diagnostics.LoggingFailureAnalysisReporter  :40   [32m                  [0;39m 

***************************
APPLICATION FAILED TO START
***************************

Description:

A component required a bean of type 'com.wiki.demo.mapper.TestMapper' that could not be found.


Action:

Consider defining a bean of type 'com.wiki.demo.mapper.TestMapper' in your configuration.

2022-01-21 00:07:48.698 ERROR o.s.b.diagnostics.LoggingFailureAnalysisReporter  :40   [32m                  [0;39m 

***************************
APPLICATION FAILED TO START
***************************

Description:

A component required a bean of type 'com.wiki.demo.mapper.TestMapper' that could not be found.


Action:

Consider defining a bean of type 'com.wiki.demo.mapper.TestMapper' in your configuration.

2022-01-21 00:10:15.198 ERROR o.s.b.diagnostics.LoggingFailureAnalysisReporter  :40   [32m                  [0;39m 

***************************
APPLICATION FAILED TO START
***************************

Description:

A component required a bean of type 'com.wiki.demo.mapper.TestMapper' that could not be found.


Action:

Consider defining a bean of type 'com.wiki.demo.mapper.TestMapper' in your configuration.

2022-01-21 00:10:18.751 ERROR o.s.b.diagnostics.LoggingFailureAnalysisReporter  :40   [32m                  [0;39m 

***************************
APPLICATION FAILED TO START
***************************

Description:

A component required a bean of type 'com.wiki.demo.mapper.TestMapper' that could not be found.


Action:

Consider defining a bean of type 'com.wiki.demo.mapper.TestMapper' in your configuration.

2022-01-21 00:10:20.290 ERROR o.s.b.diagnostics.LoggingFailureAnalysisReporter  :40   [32m                  [0;39m 

***************************
APPLICATION FAILED TO START
***************************

Description:

A component required a bean of type 'com.wiki.demo.mapper.TestMapper' that could not be found.


Action:

Consider defining a bean of type 'com.wiki.demo.mapper.TestMapper' in your configuration.

