2022-01-24 00:29:57.461 WARN  com.zaxxer.hikari.pool.HikariPool                 :788  [32m                  [0;39m HikariPool-1 - Thread starvation or clock leap detected (housekeeper delta=38m6s166ms).
2022-01-24 01:39:24.309 WARN  com.zaxxer.hikari.pool.HikariPool                 :788  [32m                  [0;39m HikariPool-1 - Thread starvation or clock leap detected (housekeeper delta=1h8m56s820ms).
2022-01-24 02:31:50.353 INFO  org.apache.coyote.http11.Http11Processor          :175  [32m                  [0;39m Error parsing HTTP request header
 Note: further occurrences of HTTP request parsing errors will be logged at DEBUG level.
java.lang.IllegalArgumentException: Invalid character found in method name [0x160x030x010x020x000x010x000x010xfc0x030x030xec0xf8q#90x080x100x160xda0x0d^0x9a0xff0xf3W0xa0{0xd50xbb0xeb`(0xe50x010x1c0x010xaer"0xfa0x140xe3 ]. HTTP method names must be tokens
	at org.apache.coyote.http11.Http11InputBuffer.parseRequestLine(Http11InputBuffer.java:419)
	at org.apache.coyote.http11.Http11Processor.service(Http11Processor.java:269)
	at org.apache.coyote.AbstractProcessorLight.process(AbstractProcessorLight.java:65)
	at org.apache.coyote.AbstractProtocol$ConnectionHandler.process(AbstractProtocol.java:895)
	at org.apache.tomcat.util.net.NioEndpoint$SocketProcessor.doRun(NioEndpoint.java:1732)
	at org.apache.tomcat.util.net.SocketProcessorBase.run(SocketProcessorBase.java:49)
	at org.apache.tomcat.util.threads.ThreadPoolExecutor.runWorker(ThreadPoolExecutor.java:1191)
	at org.apache.tomcat.util.threads.ThreadPoolExecutor$Worker.run(ThreadPoolExecutor.java:659)
	at org.apache.tomcat.util.threads.TaskThread$WrappingRunnable.run(TaskThread.java:61)
	at java.lang.Thread.run(Thread.java:748)
2022-01-24 05:41:10.161 WARN  com.zaxxer.hikari.pool.HikariPool                 :788  [32m                  [0;39m HikariPool-1 - Thread starvation or clock leap detected (housekeeper delta=3h30s950ms).
2022-01-24 07:42:11.198 WARN  com.zaxxer.hikari.pool.HikariPool                 :788  [32m                  [0;39m HikariPool-1 - Thread starvation or clock leap detected (housekeeper delta=2h31s2ms).
2022-01-24 09:42:46.673 WARN  com.zaxxer.hikari.pool.HikariPool                 :788  [32m                  [0;39m HikariPool-1 - Thread starvation or clock leap detected (housekeeper delta=2h35s394ms).
2022-01-24 11:43:47.837 WARN  com.zaxxer.hikari.pool.HikariPool                 :788  [32m                  [0;39m HikariPool-1 - Thread starvation or clock leap detected (housekeeper delta=2h31s65ms).
2022-01-24 13:13:37.789 INFO  org.apache.coyote.http11.Http11Processor          :175  [32m                  [0;39m Error parsing HTTP request header
 Note: further occurrences of HTTP request parsing errors will be logged at DEBUG level.
java.lang.IllegalArgumentException: Invalid character found in method name [0x160x030x010x020x000x010x000x010xfc0x030x030x82l00xa60x1dw#j0x9f0x8f0xee0x85N0x160x0d0xa20xc8R(0xe20x110x860xc70xf5b0xafn0x030xdf0xbf?W ]. HTTP method names must be tokens
	at org.apache.coyote.http11.Http11InputBuffer.parseRequestLine(Http11InputBuffer.java:419)
	at org.apache.coyote.http11.Http11Processor.service(Http11Processor.java:269)
	at org.apache.coyote.AbstractProcessorLight.process(AbstractProcessorLight.java:65)
	at org.apache.coyote.AbstractProtocol$ConnectionHandler.process(AbstractProtocol.java:895)
	at org.apache.tomcat.util.net.NioEndpoint$SocketProcessor.doRun(NioEndpoint.java:1732)
	at org.apache.tomcat.util.net.SocketProcessorBase.run(SocketProcessorBase.java:49)
	at org.apache.tomcat.util.threads.ThreadPoolExecutor.runWorker(ThreadPoolExecutor.java:1191)
	at org.apache.tomcat.util.threads.ThreadPoolExecutor$Worker.run(ThreadPoolExecutor.java:659)
	at org.apache.tomcat.util.threads.TaskThread$WrappingRunnable.run(TaskThread.java:61)
	at java.lang.Thread.run(Thread.java:748)
2022-01-24 13:13:42.652 WARN  com.zaxxer.hikari.pool.HikariPool                 :788  [32m                  [0;39m HikariPool-1 - Thread starvation or clock leap detected (housekeeper delta=1h29m24s823ms).
2022-01-24 13:16:26.085 WARN  com.zaxxer.hikari.pool.HikariPool                 :788  [32m                  [0;39m HikariPool-1 - Thread starvation or clock leap detected (housekeeper delta=2m13s411ms).
2022-01-24 13:24:50.857 WARN  com.zaxxer.hikari.pool.HikariPool                 :788  [32m                  [0;39m HikariPool-1 - Thread starvation or clock leap detected (housekeeper delta=8m24s772ms).
2022-01-24 16:07:51.475 WARN  com.zaxxer.hikari.pool.HikariPool                 :788  [32m                  [0;39m HikariPool-1 - Thread starvation or clock leap detected (housekeeper delta=10m55s893ms).
2022-01-24 16:26:25.607 WARN  com.zaxxer.hikari.pool.HikariPool                 :788  [32m                  [0;39m HikariPool-1 - Thread starvation or clock leap detected (housekeeper delta=18m4s55ms).
2022-01-24 16:38:16.991 WARN  com.zaxxer.hikari.pool.HikariPool                 :788  [32m                  [0;39m HikariPool-1 - Thread starvation or clock leap detected (housekeeper delta=51s261ms).
2022-01-24 16:56:46.191 ERROR com.zaxxer.hikari.pool.HikariPool                 :498  [32m                  [0;39m HikariPool-1 - Error thrown while acquiring connection from data source
com.mysql.cj.jdbc.exceptions.CommunicationsException: Communications link failure

The last packet successfully received from the server was 1,061,913 milliseconds ago. The last packet sent successfully to the server was 1,061,913 milliseconds ago.
	at com.mysql.cj.jdbc.exceptions.SQLError.createCommunicationsException(SQLError.java:174)
	at com.mysql.cj.jdbc.exceptions.SQLExceptionsMapping.translateException(SQLExceptionsMapping.java:64)
	at com.mysql.cj.jdbc.ConnectionImpl.isReadOnly(ConnectionImpl.java:1422)
	at com.mysql.cj.jdbc.ConnectionImpl.isReadOnly(ConnectionImpl.java:1407)
	at com.zaxxer.hikari.pool.PoolBase.setupConnection(PoolBase.java:408)
	at com.zaxxer.hikari.pool.PoolBase.newConnection(PoolBase.java:369)
	at com.zaxxer.hikari.pool.PoolBase.newPoolEntry(PoolBase.java:206)
	at com.zaxxer.hikari.pool.HikariPool.createPoolEntry(HikariPool.java:476)
	at com.zaxxer.hikari.pool.HikariPool.access$100(HikariPool.java:71)
	at com.zaxxer.hikari.pool.HikariPool$PoolEntryCreator.call(HikariPool.java:726)
	at com.zaxxer.hikari.pool.HikariPool$PoolEntryCreator.call(HikariPool.java:712)
	at java.util.concurrent.FutureTask.run(FutureTask.java:266)
	at java.util.concurrent.ThreadPoolExecutor.runWorker(ThreadPoolExecutor.java:1149)
	at java.util.concurrent.ThreadPoolExecutor$Worker.run(ThreadPoolExecutor.java:624)
	at java.lang.Thread.run(Thread.java:748)
Caused by: com.mysql.cj.exceptions.CJCommunicationsException: Communications link failure

The last packet successfully received from the server was 1,061,913 milliseconds ago. The last packet sent successfully to the server was 1,061,913 milliseconds ago.
	at sun.reflect.NativeConstructorAccessorImpl.newInstance0(Native Method)
	at sun.reflect.NativeConstructorAccessorImpl.newInstance(NativeConstructorAccessorImpl.java:62)
	at sun.reflect.DelegatingConstructorAccessorImpl.newInstance(DelegatingConstructorAccessorImpl.java:45)
	at java.lang.reflect.Constructor.newInstance(Constructor.java:423)
	at com.mysql.cj.exceptions.ExceptionFactory.createException(ExceptionFactory.java:61)
	at com.mysql.cj.exceptions.ExceptionFactory.createException(ExceptionFactory.java:105)
	at com.mysql.cj.exceptions.ExceptionFactory.createException(ExceptionFactory.java:151)
	at com.mysql.cj.exceptions.ExceptionFactory.createCommunicationsException(ExceptionFactory.java:167)
	at com.mysql.cj.protocol.a.NativeProtocol.readMessage(NativeProtocol.java:544)
	at com.mysql.cj.protocol.a.NativeProtocol.checkErrorMessage(NativeProtocol.java:708)
	at com.mysql.cj.protocol.a.NativeProtocol.sendCommand(NativeProtocol.java:647)
	at com.mysql.cj.protocol.a.NativeProtocol.sendCommand(NativeProtocol.java:134)
	at com.mysql.cj.NativeSession.sendCommand(NativeSession.java:311)
	at com.mysql.cj.NativeSession.queryServerVariable(NativeSession.java:1008)
	at com.mysql.cj.jdbc.ConnectionImpl.isReadOnly(ConnectionImpl.java:1414)
	... 12 common frames omitted
Caused by: java.net.SocketTimeoutException: Read timed out
	at java.net.SocketInputStream.socketRead0(Native Method)
	at java.net.SocketInputStream.socketRead(SocketInputStream.java:116)
	at java.net.SocketInputStream.read(SocketInputStream.java:171)
	at java.net.SocketInputStream.read(SocketInputStream.java:141)
	at com.mysql.cj.protocol.ReadAheadInputStream.fill(ReadAheadInputStream.java:107)
	at com.mysql.cj.protocol.ReadAheadInputStream.readFromUnderlyingStreamIfNecessary(ReadAheadInputStream.java:150)
	at com.mysql.cj.protocol.ReadAheadInputStream.read(ReadAheadInputStream.java:180)
	at java.io.FilterInputStream.read(FilterInputStream.java:133)
	at com.mysql.cj.protocol.FullReadInputStream.readFully(FullReadInputStream.java:64)
	at com.mysql.cj.protocol.a.SimplePacketReader.readHeader(SimplePacketReader.java:63)
	at com.mysql.cj.protocol.a.SimplePacketReader.readHeader(SimplePacketReader.java:45)
	at com.mysql.cj.protocol.a.TimeTrackingPacketReader.readHeader(TimeTrackingPacketReader.java:52)
	at com.mysql.cj.protocol.a.TimeTrackingPacketReader.readHeader(TimeTrackingPacketReader.java:41)
	at com.mysql.cj.protocol.a.MultiPacketReader.readHeader(MultiPacketReader.java:54)
	at com.mysql.cj.protocol.a.MultiPacketReader.readHeader(MultiPacketReader.java:44)
	at com.mysql.cj.protocol.a.NativeProtocol.readMessage(NativeProtocol.java:538)
	... 18 common frames omitted
2022-01-24 16:56:53.418 WARN  com.zaxxer.hikari.pool.HikariPool                 :788  [32m                  [0;39m HikariPool-1 - Thread starvation or clock leap detected (housekeeper delta=18m6s406ms).
2022-01-24 17:16:46.914 WARN  com.zaxxer.hikari.pool.HikariPool                 :788  [32m                  [0;39m HikariPool-1 - Thread starvation or clock leap detected (housekeeper delta=16m23s463ms).
2022-01-24 17:20:41.963 WARN  com.zaxxer.hikari.pool.HikariPool                 :788  [32m                  [0;39m HikariPool-1 - Thread starvation or clock leap detected (housekeeper delta=3m25s35ms).
2022-01-24 17:26:24.734 WARN  com.zaxxer.hikari.pool.HikariPool                 :788  [32m                  [0;39m HikariPool-1 - Thread starvation or clock leap detected (housekeeper delta=5m12s769ms).
2022-01-24 19:07:20.034 WARN  com.zaxxer.hikari.pool.HikariPool                 :788  [32m                  [0;39m HikariPool-1 - Thread starvation or clock leap detected (housekeeper delta=29m24s829ms).
2022-01-24 19:12:34.563 WARN  com.zaxxer.hikari.pool.HikariPool                 :788  [32m                  [0;39m HikariPool-1 - Thread starvation or clock leap detected (housekeeper delta=4m44s515ms).
2022-01-24 19:21:50.572 WARN  com.zaxxer.hikari.pool.HikariPool                 :788  [32m                  [0;39m HikariPool-1 - Thread starvation or clock leap detected (housekeeper delta=9m16s9ms).
2022-01-24 19:38:14.706 WARN  com.zaxxer.hikari.pool.HikariPool                 :788  [32m                  [0;39m HikariPool-1 - Thread starvation or clock leap detected (housekeeper delta=15m53s915ms).
2022-01-24 19:49:19.483 WARN  com.zaxxer.hikari.pool.HikariPool                 :788  [32m                  [0;39m HikariPool-1 - Thread starvation or clock leap detected (housekeeper delta=7m4s751ms).
2022-01-24 19:58:31.166 WARN  com.zaxxer.hikari.pool.HikariPool                 :788  [32m                  [0;39m HikariPool-1 - Thread starvation or clock leap detected (housekeeper delta=8m41s667ms).
2022-01-24 20:02:08.167 WARN  com.zaxxer.hikari.pool.HikariPool                 :788  [32m                  [0;39m HikariPool-1 - Thread starvation or clock leap detected (housekeeper delta=3m37s1ms).
2022-01-24 20:04:01.452 WARN  com.zaxxer.hikari.pool.HikariPool                 :788  [32m                  [0;39m HikariPool-1 - Thread starvation or clock leap detected (housekeeper delta=1m22s896ms).
2022-01-24 20:05:30.775 WARN  com.zaxxer.hikari.pool.HikariPool                 :788  [32m                  [0;39m HikariPool-1 - Thread starvation or clock leap detected (housekeeper delta=59s315ms).
2022-01-24 20:08:05.062 WARN  com.zaxxer.hikari.pool.HikariPool                 :788  [32m                  [0;39m HikariPool-1 - Thread starvation or clock leap detected (housekeeper delta=2m4s279ms).
2022-01-24 20:12:11.711 WARN  com.zaxxer.hikari.pool.HikariPool                 :788  [32m                  [0;39m HikariPool-1 - Thread starvation or clock leap detected (housekeeper delta=3m36s636ms).
2022-01-24 20:14:22.568 WARN  com.zaxxer.hikari.pool.HikariPool                 :788  [32m                  [0;39m HikariPool-1 - Thread starvation or clock leap detected (housekeeper delta=1m7s268ms).
2022-01-24 20:22:14.314 WARN  com.zaxxer.hikari.pool.HikariPool                 :788  [32m                  [0;39m HikariPool-1 - Thread starvation or clock leap detected (housekeeper delta=7m21s734ms).
2022-01-24 20:23:33.898 WARN  com.zaxxer.hikari.pool.HikariPool                 :788  [32m                  [0;39m HikariPool-1 - Thread starvation or clock leap detected (housekeeper delta=49s578ms).
2022-01-24 20:35:26.697 WARN  com.zaxxer.hikari.pool.HikariPool                 :788  [32m                  [0;39m HikariPool-1 - Thread starvation or clock leap detected (housekeeper delta=10m13s854ms).
2022-01-24 20:36:25.312 WARN  com.zaxxer.hikari.pool.HikariPool                 :788  [32m                  [0;39m HikariPool-1 - Thread starvation or clock leap detected (housekeeper delta=58s615ms).
2022-01-24 20:39:03.285 WARN  com.zaxxer.hikari.pool.HikariPool                 :788  [32m                  [0;39m HikariPool-1 - Thread starvation or clock leap detected (housekeeper delta=2m7s966ms).
2022-01-24 20:48:23.478 WARN  com.zaxxer.hikari.pool.HikariPool                 :788  [32m                  [0;39m HikariPool-1 - Thread starvation or clock leap detected (housekeeper delta=8m50s192ms).
2022-01-24 20:51:52.996 WARN  com.zaxxer.hikari.pool.HikariPool                 :788  [32m                  [0;39m HikariPool-1 - Thread starvation or clock leap detected (housekeeper delta=2m59s508ms).
2022-01-24 20:54:17.630 WARN  com.zaxxer.hikari.pool.HikariPool                 :788  [32m                  [0;39m HikariPool-1 - Thread starvation or clock leap detected (housekeeper delta=54s620ms).
2022-01-24 20:56:40.777 WARN  com.zaxxer.hikari.pool.HikariPool                 :788  [32m                  [0;39m HikariPool-1 - Thread starvation or clock leap detected (housekeeper delta=53s133ms).
2022-01-24 21:06:04.962 WARN  com.zaxxer.hikari.pool.HikariPool                 :788  [32m                  [0;39m HikariPool-1 - Thread starvation or clock leap detected (housekeeper delta=7m50s804ms).
2022-01-24 21:08:35.066 WARN  com.zaxxer.hikari.pool.HikariPool                 :788  [32m                  [0;39m HikariPool-1 - Thread starvation or clock leap detected (housekeeper delta=1m18s62ms).
2022-01-24 21:11:33.877 WARN  com.zaxxer.hikari.pool.HikariPool                 :788  [32m                  [0;39m HikariPool-1 - Thread starvation or clock leap detected (housekeeper delta=55s565ms).
2022-01-24 21:21:22.152 WARN  com.zaxxer.hikari.pool.HikariPool                 :788  [32m                  [0;39m HikariPool-1 - Thread starvation or clock leap detected (housekeeper delta=8m11s252ms).
2022-01-24 22:40:05.310 WARN  com.zaxxer.hikari.pool.HikariPool                 :788  [32m                  [0;39m HikariPool-1 - Thread starvation or clock leap detected (housekeeper delta=1m12s622ms).
2022-01-24 22:41:05.825 WARN  com.zaxxer.hikari.pool.HikariPool                 :788  [32m                  [0;39m HikariPool-1 - Thread starvation or clock leap detected (housekeeper delta=1m516ms).
2022-01-24 22:42:31.845 WARN  com.zaxxer.hikari.pool.HikariPool                 :788  [32m                  [0;39m HikariPool-1 - Thread starvation or clock leap detected (housekeeper delta=55s642ms).
2022-01-24 22:45:10.629 WARN  com.zaxxer.hikari.pool.HikariPool                 :788  [32m                  [0;39m HikariPool-1 - Thread starvation or clock leap detected (housekeeper delta=1m8s739ms).
2022-01-24 22:57:31.088 WARN  com.zaxxer.hikari.pool.HikariPool                 :788  [32m                  [0;39m HikariPool-1 - Thread starvation or clock leap detected (housekeeper delta=11m50s455ms).
2022-01-24 23:05:02.252 WARN  com.zaxxer.hikari.pool.HikariPool                 :788  [32m                  [0;39m HikariPool-1 - Thread starvation or clock leap detected (housekeeper delta=7m31s164ms).
2022-01-24 23:08:12.855 WARN  com.zaxxer.hikari.pool.HikariPool                 :788  [32m                  [0;39m HikariPool-1 - Thread starvation or clock leap detected (housekeeper delta=2m40s598ms).
2022-01-24 23:14:42.328 WARN  com.zaxxer.hikari.pool.HikariPool                 :788  [32m                  [0;39m HikariPool-1 - Thread starvation or clock leap detected (housekeeper delta=5m59s472ms).
2022-01-24 23:31:05.143 WARN  com.zaxxer.hikari.pool.HikariPool                 :788  [32m                  [0;39m HikariPool-1 - Thread starvation or clock leap detected (housekeeper delta=15m52s810ms).
2022-01-24 23:49:16.908 WARN  com.zaxxer.hikari.pool.HikariPool                 :788  [32m                  [0;39m HikariPool-1 - Thread starvation or clock leap detected (housekeeper delta=14m41s734ms).
