2022-01-20 05:33:24.406 INFO  org.apache.coyote.http11.Http11Processor          :175  [32m                  [0;39m Error parsing HTTP request header
 Note: further occurrences of HTTP request parsing errors will be logged at DEBUG level.
java.lang.IllegalArgumentException: Invalid character found in method name [0x160x030x010x020x000x010x000x010xfc0x030x03/0xe1Yl0x100xfb0xfb0xf90xde0x1c0x00iA%0x000x9az0xad&0xec0xff0xf20xcb0xee0x120xf40xb10x970x10A0xb5: ]. HTTP method names must be tokens
	at org.apache.coyote.http11.Http11InputBuffer.parseRequestLine(Http11InputBuffer.java:419)
	at org.apache.coyote.http11.Http11Processor.service(Http11Processor.java:269)
	at org.apache.coyote.AbstractProcessorLight.process(AbstractProcessorLight.java:65)
	at org.apache.coyote.AbstractProtocol$ConnectionHandler.process(AbstractProtocol.java:895)
	at org.apache.tomcat.util.net.NioEndpoint$SocketProcessor.doRun(NioEndpoint.java:1732)
	at org.apache.tomcat.util.net.SocketProcessorBase.run(SocketProcessorBase.java:49)
	at org.apache.tomcat.util.threads.ThreadPoolExecutor.runWorker(ThreadPoolExecutor.java:1191)
	at org.apache.tomcat.util.threads.ThreadPoolExecutor$Worker.run(ThreadPoolExecutor.java:659)
	at org.apache.tomcat.util.threads.TaskThread$WrappingRunnable.run(TaskThread.java:61)
	at java.lang.Thread.run(Thread.java:748)
2022-01-20 15:05:14.759 INFO  com.wiki.demo.config.WikiApplication              :55   [32m                  [0;39m Starting WikiApplication using Java 1.8.0_312 on sunarkedeMacBook-Pro.local with PID 15493 (/Users/sunarke/Desktop/wiki/target/classes started by sunarke in /Users/sunarke/Desktop/wiki)
2022-01-20 15:05:14.761 INFO  com.wiki.demo.config.WikiApplication              :635  [32m                  [0;39m No active profile set, falling back to default profiles: default
2022-01-20 15:05:14.988 INFO  o.s.boot.web.embedded.tomcat.TomcatWebServer      :108  [32m                  [0;39m Tomcat initialized with port(s): 8880 (http)
2022-01-20 15:05:14.989 INFO  org.apache.coyote.http11.Http11NioProtocol        :173  [32m                  [0;39m Initializing ProtocolHandler ["http-nio-8880"]
2022-01-20 15:05:14.989 INFO  org.apache.catalina.core.StandardService          :173  [32m                  [0;39m Starting service [Tomcat]
2022-01-20 15:05:14.989 INFO  org.apache.catalina.core.StandardEngine           :173  [32m                  [0;39m Starting Servlet engine: [Apache Tomcat/9.0.56]
2022-01-20 15:05:14.999 INFO  o.a.c.core.ContainerBase.[Tomcat].[localhost].[/] :173  [32m                  [0;39m Initializing Spring embedded WebApplicationContext
2022-01-20 15:05:14.999 INFO  o.s.b.w.s.c.ServletWebServerApplicationContext    :290  [32m                  [0;39m Root WebApplicationContext: initialization completed in 235 ms
2022-01-20 15:05:15.088 INFO  o.s.b.d.autoconfigure.OptionalLiveReloadServer    :58   [32m                  [0;39m LiveReload server is running on port 35729
2022-01-20 15:05:15.094 INFO  org.apache.coyote.http11.Http11NioProtocol        :173  [32m                  [0;39m Starting ProtocolHandler ["http-nio-8880"]
2022-01-20 15:05:15.095 INFO  o.s.boot.web.embedded.tomcat.TomcatWebServer      :220  [32m                  [0;39m Tomcat started on port(s): 8880 (http) with context path ''
2022-01-20 15:05:15.098 INFO  com.wiki.demo.config.WikiApplication              :61   [32m                  [0;39m Started WikiApplication in 0.395 seconds (JVM running for 138883.787)
2022-01-20 15:05:15.099 INFO  o.s.b.d.a.ConditionEvaluationDeltaLoggingListener :63   [32m                  [0;39m Condition evaluation unchanged
2022-01-20 15:05:15.099 INFO  com.wiki.demo.config.WikiApplication              :18   [32m                  [0;39m 启动成功
2022-01-20 15:05:15.099 INFO  com.wiki.demo.config.WikiApplication              :19   [32m                  [0;39m 地址： 	http://127.0.0.1: 8880
2022-01-20 15:05:16.618 INFO  com.wiki.demo.config.WikiApplication              :55   [32m                  [0;39m Starting WikiApplication using Java 1.8.0_312 on sunarkedeMacBook-Pro.local with PID 15493 (/Users/sunarke/Desktop/wiki/target/classes started by sunarke in /Users/sunarke/Desktop/wiki)
2022-01-20 15:05:16.618 INFO  com.wiki.demo.config.WikiApplication              :635  [32m                  [0;39m No active profile set, falling back to default profiles: default
2022-01-20 15:05:16.713 INFO  o.s.boot.web.embedded.tomcat.TomcatWebServer      :108  [32m                  [0;39m Tomcat initialized with port(s): 8880 (http)
2022-01-20 15:05:16.714 INFO  org.apache.coyote.http11.Http11NioProtocol        :173  [32m                  [0;39m Initializing ProtocolHandler ["http-nio-8880"]
2022-01-20 15:05:16.714 INFO  org.apache.catalina.core.StandardService          :173  [32m                  [0;39m Starting service [Tomcat]
2022-01-20 15:05:16.714 INFO  org.apache.catalina.core.StandardEngine           :173  [32m                  [0;39m Starting Servlet engine: [Apache Tomcat/9.0.56]
2022-01-20 15:05:16.722 INFO  o.a.c.core.ContainerBase.[Tomcat].[localhost].[/] :173  [32m                  [0;39m Initializing Spring embedded WebApplicationContext
2022-01-20 15:05:16.723 INFO  o.s.b.w.s.c.ServletWebServerApplicationContext    :290  [32m                  [0;39m Root WebApplicationContext: initialization completed in 101 ms
2022-01-20 15:05:16.777 INFO  o.s.b.d.autoconfigure.OptionalLiveReloadServer    :58   [32m                  [0;39m LiveReload server is running on port 35729
2022-01-20 15:05:16.791 INFO  org.apache.coyote.http11.Http11NioProtocol        :173  [32m                  [0;39m Starting ProtocolHandler ["http-nio-8880"]
2022-01-20 15:05:16.792 INFO  o.s.boot.web.embedded.tomcat.TomcatWebServer      :220  [32m                  [0;39m Tomcat started on port(s): 8880 (http) with context path ''
2022-01-20 15:05:16.795 INFO  com.wiki.demo.config.WikiApplication              :61   [32m                  [0;39m Started WikiApplication in 0.197 seconds (JVM running for 138885.484)
2022-01-20 15:05:16.795 INFO  o.s.b.d.a.ConditionEvaluationDeltaLoggingListener :63   [32m                  [0;39m Condition evaluation unchanged
2022-01-20 15:05:16.796 INFO  com.wiki.demo.config.WikiApplication              :18   [32m                  [0;39m 启动成功
2022-01-20 15:05:16.796 INFO  com.wiki.demo.config.WikiApplication              :19   [32m                  [0;39m 地址： 	http://127.0.0.1: 8880
2022-01-20 15:14:42.036 INFO  com.wiki.demo.config.WikiApplication              :55   [32m                  [0;39m Starting WikiApplication using Java 1.8.0_312 on sunarkedeMacBook-Pro.local with PID 15493 (/Users/sunarke/Desktop/wiki/target/classes started by sunarke in /Users/sunarke/Desktop/wiki)
2022-01-20 15:14:42.036 INFO  com.wiki.demo.config.WikiApplication              :635  [32m                  [0;39m No active profile set, falling back to default profiles: default
2022-01-20 15:14:42.156 INFO  o.s.boot.web.embedded.tomcat.TomcatWebServer      :108  [32m                  [0;39m Tomcat initialized with port(s): 8880 (http)
2022-01-20 15:14:42.156 INFO  org.apache.coyote.http11.Http11NioProtocol        :173  [32m                  [0;39m Initializing ProtocolHandler ["http-nio-8880"]
2022-01-20 15:14:42.157 INFO  org.apache.catalina.core.StandardService          :173  [32m                  [0;39m Starting service [Tomcat]
2022-01-20 15:14:42.157 INFO  org.apache.catalina.core.StandardEngine           :173  [32m                  [0;39m Starting Servlet engine: [Apache Tomcat/9.0.56]
2022-01-20 15:14:42.168 INFO  o.a.c.core.ContainerBase.[Tomcat].[localhost].[/] :173  [32m                  [0;39m Initializing Spring embedded WebApplicationContext
2022-01-20 15:14:42.168 INFO  o.s.b.w.s.c.ServletWebServerApplicationContext    :290  [32m                  [0;39m Root WebApplicationContext: initialization completed in 130 ms
2022-01-20 15:14:42.218 INFO  o.s.b.d.autoconfigure.OptionalLiveReloadServer    :58   [32m                  [0;39m LiveReload server is running on port 35729
2022-01-20 15:14:42.223 INFO  org.apache.coyote.http11.Http11NioProtocol        :173  [32m                  [0;39m Starting ProtocolHandler ["http-nio-8880"]
2022-01-20 15:14:42.224 INFO  o.s.boot.web.embedded.tomcat.TomcatWebServer      :220  [32m                  [0;39m Tomcat started on port(s): 8880 (http) with context path ''
2022-01-20 15:14:42.228 INFO  com.wiki.demo.config.WikiApplication              :61   [32m                  [0;39m Started WikiApplication in 0.216 seconds (JVM running for 139450.918)
2022-01-20 15:14:42.229 INFO  o.s.b.d.a.ConditionEvaluationDeltaLoggingListener :63   [32m                  [0;39m Condition evaluation unchanged
2022-01-20 15:14:42.230 INFO  com.wiki.demo.config.WikiApplication              :18   [32m                  [0;39m 启动成功
2022-01-20 15:14:42.230 INFO  com.wiki.demo.config.WikiApplication              :19   [32m                  [0;39m 地址： 	http://127.0.0.1: 8880
