2022-03-23 19:21:31.437 INFO  com.wiki.demo.config.WikiApplication              :55   [32m                  [0;39m Starting WikiApplication using Java 1.8.0_312 on sunarkedeMBP with PID 30610 (/Users/sunarke/Desktop/wiki/target/classes started by sunarke in /Users/sunarke/Desktop/wiki)
2022-03-23 19:21:31.439 INFO  com.wiki.demo.config.WikiApplication              :635  [32m                  [0;39m No active profile set, falling back to default profiles: default
2022-03-23 19:21:31.484 INFO  o.s.b.d.env.DevToolsPropertyDefaultsPostProcessor :255  [32m                  [0;39m Devtools property defaults active! Set 'spring.devtools.add-properties' to 'false' to disable
2022-03-23 19:21:31.485 INFO  o.s.b.d.env.DevToolsPropertyDefaultsPostProcessor :255  [32m                  [0;39m For additional web related logging consider setting the 'logging.level.web' property to 'DEBUG'
2022-03-23 19:21:32.458 INFO  o.s.boot.web.embedded.tomcat.TomcatWebServer      :108  [32m                  [0;39m Tomcat initialized with port(s): 8880 (http)
2022-03-23 19:21:32.467 INFO  org.apache.coyote.http11.Http11NioProtocol        :173  [32m                  [0;39m Initializing ProtocolHandler ["http-nio-8880"]
2022-03-23 19:21:32.467 INFO  org.apache.catalina.core.StandardService          :173  [32m                  [0;39m Starting service [Tomcat]
2022-03-23 19:21:32.468 INFO  org.apache.catalina.core.StandardEngine           :173  [32m                  [0;39m Starting Servlet engine: [Apache Tomcat/9.0.56]
2022-03-23 19:21:32.519 INFO  o.a.c.core.ContainerBase.[Tomcat].[localhost].[/] :173  [32m                  [0;39m Initializing Spring embedded WebApplicationContext
2022-03-23 19:21:32.519 INFO  o.s.b.w.s.c.ServletWebServerApplicationContext    :290  [32m                  [0;39m Root WebApplicationContext: initialization completed in 1033 ms
2022-03-23 19:21:33.099 INFO  o.s.b.d.autoconfigure.OptionalLiveReloadServer    :58   [32m                  [0;39m LiveReload server is running on port 35729
2022-03-23 19:21:33.113 INFO  org.apache.coyote.http11.Http11NioProtocol        :173  [32m                  [0;39m Starting ProtocolHandler ["http-nio-8880"]
2022-03-23 19:21:33.133 INFO  o.s.boot.web.embedded.tomcat.TomcatWebServer      :220  [32m                  [0;39m Tomcat started on port(s): 8880 (http) with context path ''
2022-03-23 19:21:33.143 INFO  com.wiki.demo.config.WikiApplication              :61   [32m                  [0;39m Started WikiApplication in 2.144 seconds (JVM running for 2.761)
2022-03-23 19:21:33.146 INFO  com.wiki.demo.config.WikiApplication              :20   [32m                  [0;39m 启动成功
2022-03-23 19:21:33.146 INFO  com.wiki.demo.config.WikiApplication              :21   [32m                  [0;39m 地址： 	http://127.0.0.1: 8880
2022-03-23 19:21:50.468 INFO  o.a.c.core.ContainerBase.[Tomcat].[localhost].[/] :173  [32m                  [0;39m Initializing Spring DispatcherServlet 'dispatcherServlet'
2022-03-23 19:21:50.468 INFO  org.springframework.web.servlet.DispatcherServlet :525  [32m                  [0;39m Initializing Servlet 'dispatcherServlet'
2022-03-23 19:21:50.469 INFO  org.springframework.web.servlet.DispatcherServlet :547  [32m                  [0;39m Completed initialization in 1 ms
2022-03-23 19:21:54.502 INFO  com.zaxxer.hikari.HikariDataSource                :110  [32m                  [0;39m HikariPool-1 - Starting...
2022-03-23 19:21:57.176 INFO  com.zaxxer.hikari.HikariDataSource                :123  [32m                  [0;39m HikariPool-1 - Start completed.
2022-03-23 20:06:59.117 INFO  com.zaxxer.hikari.HikariDataSource                :350  [32m                  [0;39m HikariPool-1 - Shutdown initiated...
2022-03-23 20:06:59.120 INFO  com.zaxxer.hikari.HikariDataSource                :352  [32m                  [0;39m HikariPool-1 - Shutdown completed.
2022-03-23 20:06:59.255 INFO  com.wiki.demo.config.WikiApplication              :55   [32m                  [0;39m Starting WikiApplication using Java 1.8.0_312 on sunarkedeMBP with PID 30610 (/Users/sunarke/Desktop/wiki/target/classes started by sunarke in /Users/sunarke/Desktop/wiki)
2022-03-23 20:06:59.255 INFO  com.wiki.demo.config.WikiApplication              :635  [32m                  [0;39m No active profile set, falling back to default profiles: default
2022-03-23 20:06:59.430 INFO  o.s.boot.web.embedded.tomcat.TomcatWebServer      :108  [32m                  [0;39m Tomcat initialized with port(s): 8880 (http)
2022-03-23 20:06:59.431 INFO  org.apache.coyote.http11.Http11NioProtocol        :173  [32m                  [0;39m Initializing ProtocolHandler ["http-nio-8880"]
2022-03-23 20:06:59.431 INFO  org.apache.catalina.core.StandardService          :173  [32m                  [0;39m Starting service [Tomcat]
2022-03-23 20:06:59.431 INFO  org.apache.catalina.core.StandardEngine           :173  [32m                  [0;39m Starting Servlet engine: [Apache Tomcat/9.0.56]
2022-03-23 20:06:59.437 INFO  o.a.c.core.ContainerBase.[Tomcat].[localhost].[/] :173  [32m                  [0;39m Initializing Spring embedded WebApplicationContext
2022-03-23 20:06:59.437 INFO  o.s.b.w.s.c.ServletWebServerApplicationContext    :290  [32m                  [0;39m Root WebApplicationContext: initialization completed in 180 ms
2022-03-23 20:06:59.573 INFO  o.s.b.d.autoconfigure.OptionalLiveReloadServer    :58   [32m                  [0;39m LiveReload server is running on port 35729
2022-03-23 20:06:59.581 INFO  org.apache.coyote.http11.Http11NioProtocol        :173  [32m                  [0;39m Starting ProtocolHandler ["http-nio-8880"]
2022-03-23 20:06:59.581 INFO  o.s.boot.web.embedded.tomcat.TomcatWebServer      :220  [32m                  [0;39m Tomcat started on port(s): 8880 (http) with context path ''
2022-03-23 20:06:59.585 INFO  com.wiki.demo.config.WikiApplication              :61   [32m                  [0;39m Started WikiApplication in 0.363 seconds (JVM running for 2729.181)
2022-03-23 20:06:59.587 INFO  o.s.b.d.a.ConditionEvaluationDeltaLoggingListener :63   [32m                  [0;39m Condition evaluation unchanged
2022-03-23 20:06:59.587 INFO  com.wiki.demo.config.WikiApplication              :20   [32m                  [0;39m 启动成功
2022-03-23 20:06:59.587 INFO  com.wiki.demo.config.WikiApplication              :21   [32m                  [0;39m 地址： 	http://127.0.0.1: 8880
2022-03-23 20:07:09.828 INFO  o.a.c.core.ContainerBase.[Tomcat].[localhost].[/] :173  [32m                  [0;39m Initializing Spring DispatcherServlet 'dispatcherServlet'
2022-03-23 20:07:09.829 INFO  org.springframework.web.servlet.DispatcherServlet :525  [32m                  [0;39m Initializing Servlet 'dispatcherServlet'
2022-03-23 20:07:09.830 INFO  org.springframework.web.servlet.DispatcherServlet :547  [32m                  [0;39m Completed initialization in 1 ms
2022-03-23 20:07:09.852 INFO  com.zaxxer.hikari.HikariDataSource                :110  [32m                  [0;39m HikariPool-2 - Starting...
2022-03-23 20:07:12.644 INFO  com.zaxxer.hikari.HikariDataSource                :123  [32m                  [0;39m HikariPool-2 - Start completed.
2022-03-23 20:26:39.236 INFO  com.zaxxer.hikari.HikariDataSource                :350  [32m                  [0;39m HikariPool-2 - Shutdown initiated...
2022-03-23 20:26:39.239 INFO  com.zaxxer.hikari.HikariDataSource                :352  [32m                  [0;39m HikariPool-2 - Shutdown completed.
2022-03-23 20:26:39.408 INFO  com.wiki.demo.config.WikiApplication              :55   [32m                  [0;39m Starting WikiApplication using Java 1.8.0_312 on sunarkedeMBP with PID 30610 (/Users/sunarke/Desktop/wiki/target/classes started by sunarke in /Users/sunarke/Desktop/wiki)
2022-03-23 20:26:39.408 INFO  com.wiki.demo.config.WikiApplication              :635  [32m                  [0;39m No active profile set, falling back to default profiles: default
2022-03-23 20:26:39.590 INFO  o.s.boot.web.embedded.tomcat.TomcatWebServer      :108  [32m                  [0;39m Tomcat initialized with port(s): 8880 (http)
2022-03-23 20:26:39.590 INFO  org.apache.coyote.http11.Http11NioProtocol        :173  [32m                  [0;39m Initializing ProtocolHandler ["http-nio-8880"]
2022-03-23 20:26:39.591 INFO  org.apache.catalina.core.StandardService          :173  [32m                  [0;39m Starting service [Tomcat]
2022-03-23 20:26:39.591 INFO  org.apache.catalina.core.StandardEngine           :173  [32m                  [0;39m Starting Servlet engine: [Apache Tomcat/9.0.56]
2022-03-23 20:26:39.603 INFO  o.a.c.core.ContainerBase.[Tomcat].[localhost].[/] :173  [32m                  [0;39m Initializing Spring embedded WebApplicationContext
2022-03-23 20:26:39.603 INFO  o.s.b.w.s.c.ServletWebServerApplicationContext    :290  [32m                  [0;39m Root WebApplicationContext: initialization completed in 192 ms
2022-03-23 20:26:39.750 INFO  o.s.b.d.autoconfigure.OptionalLiveReloadServer    :58   [32m                  [0;39m LiveReload server is running on port 35729
2022-03-23 20:26:39.757 INFO  org.apache.coyote.http11.Http11NioProtocol        :173  [32m                  [0;39m Starting ProtocolHandler ["http-nio-8880"]
2022-03-23 20:26:39.758 INFO  o.s.boot.web.embedded.tomcat.TomcatWebServer      :220  [32m                  [0;39m Tomcat started on port(s): 8880 (http) with context path ''
2022-03-23 20:26:39.762 INFO  com.wiki.demo.config.WikiApplication              :61   [32m                  [0;39m Started WikiApplication in 0.402 seconds (JVM running for 3909.346)
2022-03-23 20:26:39.764 INFO  o.s.b.d.a.ConditionEvaluationDeltaLoggingListener :63   [32m                  [0;39m Condition evaluation unchanged
2022-03-23 20:26:39.764 INFO  com.wiki.demo.config.WikiApplication              :20   [32m                  [0;39m 启动成功
2022-03-23 20:26:39.765 INFO  com.wiki.demo.config.WikiApplication              :21   [32m                  [0;39m 地址： 	http://127.0.0.1: 8880
